<?xml version="1.0" encoding="UTF-8"?>
<!-- Generated by org.testng.reporters.JUnitReportReporter -->
<testsuite hostname="brandon-desktop" name="models.PageTests" tests="3" failures="0" timestamp="4 Mar 2017 23:32:10 GMT" time="1.219" errors="0">
  <testcase name="pageUpdateRecord" time="0.142" classname="models.PageTests"/>
  <testcase name="pageCreateRecord" time="0.938" classname="models.PageTests"/>
  <testcase name="pageFindRecord" time="0.139" classname="models.PageTests"/>
</testsuite> <!-- models.PageTests -->
