<?xml version="1.0" encoding="UTF-8"?>
<!-- Generated by org.testng.reporters.JUnitReportReporter -->
<testsuite hostname="brandon-desktop" name="models.ServicePackageTests" tests="1" failures="0" timestamp="3 Mar 2017 02:34:41 GMT" time="0.959" errors="0">
  <testcase name="servicePackageUpdateRecord" time="0.959" classname="models.ServicePackageTests"/>
</testsuite> <!-- models.ServicePackageTests -->
