<?xml version="1.0" encoding="UTF-8"?>
<!-- Generated by org.testng.reporters.JUnitReportReporter -->
<testsuite hostname="deepthought-desktop" name="test.SequenceVertexTests" tests="1" failures="0" timestamp="22 Feb 2016 00:34:54 GMT" time="11.604" errors="0">
  <testcase name="SequenceVertexObjectDefinitionSaveTest" time="11.604" classname="test.SequenceVertexTests"/>
</testsuite> <!-- test.SequenceVertexTests -->
