<?xml version="1.0" encoding="UTF-8"?>
<!-- Generated by org.testng.reporters.JUnitReportReporter -->
<testsuite hostname="brandon-desktop" name="models.PageElementTests" tests="1" failures="0" timestamp="5 Mar 2017 00:06:54 GMT" time="0.949" errors="0">
  <testcase name="pageFindRecord" time="0.949" classname="models.PageElementTests"/>
</testsuite> <!-- models.PageElementTests -->
