<?xml version="1.0" encoding="UTF-8"?>
<!-- Generated by org.testng.reporters.JUnitReportReporter -->
<testsuite hostname="deepthought-desktop" name="test.OrientDbPersistorTests" tests="1" failures="0" timestamp="22 Feb 2016 04:21:01 GMT" time="0.661" errors="0">
  <testcase name="ObjectDefinitionSaveTest" time="0.661" classname="test.OrientDbPersistorTests"/>
</testsuite> <!-- test.OrientDbPersistorTests -->
