<?xml version="1.0" encoding="UTF-8"?>
<!-- Generated by org.testng.reporters.JUnitReportReporter -->
<testsuite hostname="DESKTOP-9AAASM2" name="BrowserActorTest" tests="1" failures="0" timestamp="21 Nov 2016 00:32:05 GMT" time="0.749" errors="0">
  <testcase name="verifyCleanSrc" time="0.749" classname="BrowserActorTest"/>
</testsuite> <!-- BrowserActorTest -->
