<?xml version="1.0" encoding="UTF-8"?>
<!-- Generated by org.testng.reporters.JUnitReportReporter -->
<testsuite hostname="brandon-desktop" name="models.ServicePackageTests" tests="1" failures="0" timestamp="4 Mar 2017 22:00:56 GMT" time="0.982" errors="0">
  <testcase name="servicePackageCreateRecord" time="0.982" classname="models.ServicePackageTests"/>
</testsuite> <!-- models.ServicePackageTests -->
