<?xml version="1.0" encoding="UTF-8"?>
<!-- Generated by org.testng.reporters.JUnitReportReporter -->
<testsuite hostname="brandon-desktop" name="models.TestTests" tests="3" failures="0" timestamp="6 Mar 2017 00:01:10 GMT" time="1.668" errors="0">
  <testcase name="testUpdateRecord" time="0.159" classname="models.TestTests"/>
  <testcase name="testFindRecord" time="0.301" classname="models.TestTests"/>
  <testcase name="testCreateRecord" time="1.208" classname="models.TestTests"/>
</testsuite> <!-- models.TestTests -->
