<?xml version="1.0" encoding="UTF-8"?>
<!-- Generated by org.testng.reporters.JUnitReportReporter -->
<testsuite hostname="brandon-desktop" name="models.AccountTests" tests="3" failures="0" timestamp="4 Mar 2017 21:55:07 GMT" time="5.451" errors="0">
  <testcase name="accountUpdateRecord" time="0.161" classname="models.AccountTests"/>
  <testcase name="accountCreateRecord" time="5.129" classname="models.AccountTests"/>
  <testcase name="accountFindRecord" time="0.161" classname="models.AccountTests"/>
</testsuite> <!-- models.AccountTests -->
