<?xml version="1.0" encoding="UTF-8"?>
<!-- Generated by org.testng.reporters.JUnitReportReporter -->
<testsuite hostname="DESKTOP-9AAASM2" name="BrowserTest" tests="1" failures="0" timestamp="24 Nov 2016 04:58:35 GMT" time="0.135" errors="0">
  <testcase name="verifyTestConstructor" time="0.135" classname="BrowserTest"/>
</testsuite> <!-- BrowserTest -->
