<?xml version="1.0" encoding="UTF-8"?>
<!-- Generated by org.testng.reporters.JUnitReportReporter -->
<testsuite hostname="brandon-desktop" name="models.TestRecordTests" tests="3" failures="0" timestamp="6 Mar 2017 04:36:20 GMT" time="1.190" errors="0">
  <testcase name="testRecordCreateRecord" time="0.908" classname="models.TestRecordTests"/>
  <testcase name="testRecordFindRecord" time="0.144" classname="models.TestRecordTests"/>
  <testcase name="testRecordUpdateRecord" time="0.138" classname="models.TestRecordTests"/>
</testsuite> <!-- models.TestRecordTests -->
