<?xml version="1.0" encoding="UTF-8"?>
<!-- Generated by org.testng.reporters.JUnitReportReporter -->
<testsuite hostname="DESKTOP-9AAASM2" name="BrowserTest" tests="1" failures="0" timestamp="30 Oct 2016 05:23:45 GMT" time="0.085" errors="0">
  <testcase name="verifyCleanSrc" time="0.085" classname="BrowserTest"/>
</testsuite> <!-- BrowserTest -->
