<?xml version="1.0" encoding="UTF-8"?>
<!-- Generated by org.testng.reporters.JUnitReportReporter -->
<testsuite hostname="brandon-desktop" name="BrowserTest" tests="1" failures="0" timestamp="2 Mar 2017 02:24:22 GMT" time="0.069" errors="0">
  <testcase name="verifyTestConstructor" time="0.069" classname="BrowserTest"/>
</testsuite> <!-- BrowserTest -->
