<?xml version="1.0" encoding="UTF-8"?>
<!-- Generated by org.testng.reporters.JUnitReportReporter -->
<testsuite hostname="brandon-desktop" name="models.DomainTests" tests="1" failures="0" timestamp="3 Mar 2017 03:56:27 GMT" time="0.946" errors="0">
  <testcase name="accountUpdateRecord" time="0.946" classname="models.DomainTests"/>
</testsuite> <!-- models.DomainTests -->
